2015-10-20 3:10:38 - PHP Notice:  Undefined index: lastname in /Applications/AMPPS/www/Flor-de-Liz/catalog/controller/checkout/payment_address.php on line 136
2015-10-20 3:10:38 - PHP Notice:  Undefined index: country_id in /Applications/AMPPS/www/Flor-de-Liz/catalog/controller/checkout/payment_address.php on line 150
2015-10-20 3:10:38 - PHP Notice:  Undefined index: country_id in /Applications/AMPPS/www/Flor-de-Liz/catalog/controller/checkout/payment_address.php on line 156
2015-10-20 3:13:29 - PHP Notice:  Undefined index: firstname in /Applications/AMPPS/www/Flor-de-Liz/catalog/controller/checkout/payment_address.php on line 132
2015-10-20 3:13:29 - PHP Notice:  Undefined index: lastname in /Applications/AMPPS/www/Flor-de-Liz/catalog/controller/checkout/payment_address.php on line 136
2015-10-20 3:13:29 - PHP Notice:  Undefined index: address_1 in /Applications/AMPPS/www/Flor-de-Liz/catalog/controller/checkout/payment_address.php on line 140
2015-10-20 3:13:29 - PHP Notice:  Undefined index: city in /Applications/AMPPS/www/Flor-de-Liz/catalog/controller/checkout/payment_address.php on line 144
2015-10-20 3:13:29 - PHP Notice:  Undefined index: country_id in /Applications/AMPPS/www/Flor-de-Liz/catalog/controller/checkout/payment_address.php on line 150
2015-10-20 3:13:29 - PHP Notice:  Undefined index: country_id in /Applications/AMPPS/www/Flor-de-Liz/catalog/controller/checkout/payment_address.php on line 156
2015-10-20 3:15:47 - PHP Notice:  Undefined index: lastname in /Applications/AMPPS/www/Flor-de-Liz/catalog/controller/checkout/payment_address.php on line 136
2015-10-20 3:15:47 - PHP Notice:  Undefined index: country_id in /Applications/AMPPS/www/Flor-de-Liz/catalog/controller/checkout/payment_address.php on line 150
2015-10-20 3:15:47 - PHP Notice:  Undefined index: country_id in /Applications/AMPPS/www/Flor-de-Liz/catalog/controller/checkout/payment_address.php on line 156
2015-10-20 3:26:25 - PHP Notice:  Undefined index: country_id in /Applications/AMPPS/www/Flor-de-Liz/catalog/controller/checkout/payment_address.php on line 150
2015-10-20 3:26:25 - PHP Notice:  Undefined index: country_id in /Applications/AMPPS/www/Flor-de-Liz/catalog/controller/checkout/payment_address.php on line 156
2015-10-20 3:28:00 - PHP Notice:  Undefined index: country_id in /Applications/AMPPS/www/Flor-de-Liz/catalog/controller/checkout/payment_address.php on line 150
2015-10-20 3:28:00 - PHP Notice:  Undefined index: country_id in /Applications/AMPPS/www/Flor-de-Liz/catalog/controller/checkout/payment_address.php on line 156
2015-10-20 4:15:35 - PHP Notice:  Undefined index: country_id in /Applications/AMPPS/www/Flor-de-Liz/catalog/controller/checkout/payment_address.php on line 150
2015-10-20 4:15:35 - PHP Notice:  Undefined index: country_id in /Applications/AMPPS/www/Flor-de-Liz/catalog/controller/checkout/payment_address.php on line 156
2015-10-20 5:07:16 - PHP Notice:  Undefined index: address_2 in /Applications/AMPPS/www/Flor-de-Liz/catalog/model/account/address.php on line 6
2015-10-20 5:48:40 - PHP Notice:  Undefined variable: entry_phone in /Applications/AMPPS/www/Flor-de-Liz/catalog/view/theme/bt_comohos/template/checkout/shipping_address.tpl on line 47
2015-10-20 5:48:40 - PHP Notice:  Undefined variable: entry_phone in /Applications/AMPPS/www/Flor-de-Liz/catalog/view/theme/bt_comohos/template/checkout/shipping_address.tpl on line 48
2015-10-20 5:48:40 - PHP Notice:  Undefined variable: entry_district in /Applications/AMPPS/www/Flor-de-Liz/catalog/view/theme/bt_comohos/template/checkout/shipping_address.tpl on line 51
2015-10-20 5:48:40 - PHP Notice:  Undefined variable: entry_district in /Applications/AMPPS/www/Flor-de-Liz/catalog/view/theme/bt_comohos/template/checkout/shipping_address.tpl on line 52
2015-10-20 5:48:40 - PHP Notice:  Undefined variable: entry_comments in /Applications/AMPPS/www/Flor-de-Liz/catalog/view/theme/bt_comohos/template/checkout/shipping_address.tpl on line 55
2015-10-20 5:48:40 - PHP Notice:  Undefined variable: entry_comments in /Applications/AMPPS/www/Flor-de-Liz/catalog/view/theme/bt_comohos/template/checkout/shipping_address.tpl on line 56
2015-10-20 5:48:40 - PHP Notice:  Undefined variable: entry_dedication in /Applications/AMPPS/www/Flor-de-Liz/catalog/view/theme/bt_comohos/template/checkout/shipping_address.tpl on line 59
2015-10-20 5:48:40 - PHP Notice:  Undefined variable: entry_dedication in /Applications/AMPPS/www/Flor-de-Liz/catalog/view/theme/bt_comohos/template/checkout/shipping_address.tpl on line 60
2015-10-20 5:50:27 - PHP Notice:  Undefined index: country_id in /Applications/AMPPS/www/Flor-de-Liz/catalog/controller/checkout/shipping_address.php on line 158
2015-10-20 5:50:27 - PHP Notice:  Undefined index: country_id in /Applications/AMPPS/www/Flor-de-Liz/catalog/controller/checkout/shipping_address.php on line 164
2015-10-20 5:53:06 - PHP Notice:  Undefined index: country_id in /Applications/AMPPS/www/Flor-de-Liz/catalog/controller/checkout/shipping_address.php on line 158
2015-10-20 5:53:06 - PHP Notice:  Undefined index: country_id in /Applications/AMPPS/www/Flor-de-Liz/catalog/controller/checkout/shipping_address.php on line 164
